<?xml version="1.0" encoding="UTF-8"?>
<!-- Generated by org.testng.reporters.JUnitReportReporter -->
<testsuite hostname="WIN-3IRAT0KB3BK" failures="0" tests="1" name="appiumProject.GoogleKeep" time="29.901" errors="0" timestamp="2022-05-10T10:40:55 IST" skipped="0">
  <testcase classname="appiumProject.GoogleKeep" name="createNote" time="29.901"/>
  <system-out/>
</testsuite> <!-- appiumProject.GoogleKeep -->
